[DDPG] Building the actor model
[DDPG] Building the actor model
[DDPG] Building the critic model
[DDPG] Building the critic model
[DDPG] Waiting for joint trajectory action
[DDPG] Found joint trajectory action!
[DDPG] Waiting for joint trajectory action
[DDPG] Found joint trajectory action!
[DDPG] Waiting for joint trajectory action
[DDPG] Found joint trajectory action!
[DDPG] Waiting for joint trajectory action
[DDPG] Found joint trajectory action!
[Actor] GPU>>>>>>>>>>>>
[Actor] [PhysicalDevice(name='/physical_device:GPU:0', device_type='GPU')]
[DDPG] Loading Actor Weights
[DDPG] Training Start
[DDPG] Resetting Environment
[DDPG] Starting Episode 0
[0m[ INFO] [1617462002.036501664, 9129.588000000]: Loading robot model 'quadruped'...[0m
[0m[ INFO] [1617462002.037775160, 9129.594000000]: No root/virtual joint specified in SRDF. Assuming fixed joint[0m
[0m[ INFO] [1617462003.300746456, 9130.711000000]: Ready to take commands for planning group front_right_leg.[0m
[0m[ INFO] [1617462004.110490047, 9131.400000000]: Ready to take commands for planning group front_left_leg.[0m
[0m[ INFO] [1617462004.972127673, 9132.200000000]: Ready to take commands for planning group back_right_leg.[0m
[0m[ INFO] [1617462005.897886109, 9133.001000000]: Ready to take commands for planning group back_left_leg.[0m
[DDPG] Building the actor model
[DDPG] Building the actor model
[DDPG] Building the critic model
[DDPG] Building the critic model
[DDPG] Waiting for joint trajectory action
[DDPG] Found joint trajectory action!
[DDPG] Waiting for joint trajectory action
[DDPG] Found joint trajectory action!
[DDPG] Waiting for joint trajectory action
[DDPG] Found joint trajectory action!
[DDPG] Waiting for joint trajectory action
[DDPG] Found joint trajectory action!
[Actor] GPU>>>>>>>>>>>>
[Actor] [PhysicalDevice(name='/physical_device:GPU:0', device_type='GPU')]
[DDPG] Loading Actor Weights
[DDPG] Training Start
[DDPG] Resetting Environment
[DDPG] Starting Episode 0
[DDPG] Episode 0 Step 0
[DDPG] Total Reward -0.9481741189956665 Critic Loss 1.239426612854004
[DDPG] Episode 0 Step 1
[DDPG] Total Reward -0.3958958685398102 Critic Loss 0.7421364188194275
[DDPG] Episode 0 Step 2
[DDPG] Total Reward -0.18802723288536072 Critic Loss 0.5412049293518066
[DDPG] Episode 0 Step 3
[DDPG] Total Reward -0.2884749472141266 Critic Loss 0.4731425642967224
[DDPG] Episode 0 Step 4
[DDPG] Total Reward -0.2542935013771057 Critic Loss 0.3887380063533783
[DDPG] Episode 0 Step 5
[DDPG] Total Reward -0.06552189588546753 Critic Loss 0.4195232689380646
[DDPG] Episode 0 Step 6
[DDPG] Total Reward -0.522735059261322 Critic Loss 0.3880215287208557
[DDPG] Episode 0 Step 7
[DDPG] Total Reward -0.28989529609680176 Critic Loss 0.39285099506378174
[DDPG] Episode 0 Step 8
[DDPG] Total Reward -0.4767822027206421 Critic Loss 0.41463953256607056
[DDPG] Episode 0 Step 9
[DDPG] Total Reward -0.2880884110927582 Critic Loss 0.449697345495224
[DDPG] Episode 0 Step 10
[DDPG] Total Reward -0.7135310173034668 Critic Loss 0.4402165114879608
[DDPG] Episode 0 Step 11
[DDPG] Total Reward -5.264050006866455 Critic Loss 3.039242744445801
[DDPG] Episode 0 Step 12
[DDPG] Total Reward -5.7624382972717285 Critic Loss 5.481381416320801
[DDPG] Episode 0 Step 13
[DDPG] Total Reward -5.713225841522217 Critic Loss 7.528857707977295
[DDPG] Episode 0 Step 14
[DDPG] Total Reward -5.377098083496094 Critic Loss 9.026861190795898
[DDPG] Episode 0 Step 15
[DDPG] Total Reward -0.46348220109939575 Critic Loss 8.307202339172363
[DDPG] Episode 0 Step 16
[DDPG] Total Reward -5.557852268218994 Critic Loss 10.210206031799316
[DDPG] Episode 0 Step 17
[DDPG] Total Reward -5.3529438972473145 Critic Loss 11.592412948608398
[DDPG] Episode 0 Step 18
[DDPG] Total Reward -5.479655742645264 Critic Loss 12.795092582702637
[DDPG] Episode 0 Step 19
[DDPG] Total Reward -5.342139720916748 Critic Loss 13.715350151062012
[DDPG] Episode 0 Step 20
[DDPG] Total Reward -5.16170072555542 Critic Loss 14.87965202331543
[DDPG] Episode 0 Step 21
[DDPG] Total Reward -5.34418249130249 Critic Loss 15.46432876586914
[DDPG] Episode 0 Step 22
[DDPG] Total Reward -5.261500835418701 Critic Loss 16.614788055419922
[DDPG] Episode 0 Step 23
[DDPG] Total Reward -5.2975568771362305 Critic Loss 17.602296829223633
[DDPG] Episode 0 Step 24
[DDPG] Total Reward -5.306478023529053 Critic Loss 18.374252319335938
[DDPG] Episode 0 Step 25
[DDPG] Total Reward -5.436502933502197 Critic Loss 18.79769515991211
[DDPG] Episode 0 Step 26
[DDPG] Total Reward -5.089758396148682 Critic Loss 19.54207420349121
[DDPG] Episode 0 Step 27
[DDPG] Total Reward -5.328461170196533 Critic Loss 20.45451545715332
[DDPG] Episode 0 Step 28
[DDPG] Total Reward -5.2092204093933105 Critic Loss 20.816482543945312
[DDPG] Episode 0 Step 29
[DDPG] Total Reward -5.301149845123291 Critic Loss 21.331382751464844
[DDPG] Episode 0 Step 30
[DDPG] Total Reward -5.288185119628906 Critic Loss 21.684078216552734
[DDPG] Episode 0 Step 31
[DDPG] Total Reward -5.219727516174316 Critic Loss 21.104307174682617
[DDPG] Episode 0 Step 32
[DDPG] Total Reward -5.290812969207764 Critic Loss 22.30774688720703
[DDPG] Episode 0 Step 33
[DDPG] Total Reward -5.275397300720215 Critic Loss 22.586261749267578
[DDPG] Episode 0 Step 34
[DDPG] Total Reward -5.3183913230896 Critic Loss 22.906375885009766
[DDPG] Episode 0 Step 35
[DDPG] Total Reward -5.559523105621338 Critic Loss 23.442216873168945
[DDPG] Episode 0 Step 36
[DDPG] Total Reward -5.032903671264648 Critic Loss 23.662818908691406
[DDPG] Episode 0 Step 37
[DDPG] Total Reward -5.239707946777344 Critic Loss 23.756404876708984
[DDPG] Episode 0 Step 38
[DDPG] Total Reward -5.4508161544799805 Critic Loss 23.468231201171875
[0m[ INFO] [1617462572.247982052, 9651.450000000]: Loading robot model 'quadruped'...[0m
[0m[ INFO] [1617462572.249356911, 9651.452000000]: No root/virtual joint specified in SRDF. Assuming fixed joint[0m
[0m[ INFO] [1617462573.592149386, 9652.708000000]: Ready to take commands for planning group front_right_leg.[0m
[0m[ INFO] [1617462574.619106607, 9653.601000000]: Ready to take commands for planning group front_left_leg.[0m
[0m[ INFO] [1617462575.497362073, 9654.400000000]: Ready to take commands for planning group back_right_leg.[0m
[0m[ INFO] [1617462576.426865369, 9655.201000000]: Ready to take commands for planning group back_left_leg.[0m
2021-04-03 15:23:25.005779: I tensorflow/stream_executor/platform/default/dso_loader.cc:49] Successfully opened dynamic library libcudart.so.11.0
Unable to init server: Could not connect: Connection refused
Unable to init server: Could not connect: Connection refused

(learn.py:11290): Gdk-CRITICAL **: 15:23:27.930: gdk_cursor_new_for_display: assertion 'GDK_IS_DISPLAY (display)' failed
2021-04-03 15:23:28.133255: I tensorflow/compiler/jit/xla_cpu_device.cc:41] Not creating XLA devices, tf_xla_enable_xla_devices not set
2021-04-03 15:23:28.134402: I tensorflow/stream_executor/platform/default/dso_loader.cc:49] Successfully opened dynamic library libcuda.so.1
2021-04-03 15:23:28.184642: I tensorflow/stream_executor/cuda/cuda_gpu_executor.cc:941] successful NUMA node read from SysFS had negative value (-1), but there must be at least one NUMA node, so returning NUMA node zero
2021-04-03 15:23:28.185366: I tensorflow/core/common_runtime/gpu/gpu_device.cc:1720] Found device 0 with properties: 
pciBusID: 0000:00:1e.0 name: Tesla T4 computeCapability: 7.5
coreClock: 1.59GHz coreCount: 40 deviceMemorySize: 14.75GiB deviceMemoryBandwidth: 298.08GiB/s
2021-04-03 15:23:28.185427: I tensorflow/stream_executor/platform/default/dso_loader.cc:49] Successfully opened dynamic library libcudart.so.11.0
2021-04-03 15:23:28.188977: I tensorflow/stream_executor/platform/default/dso_loader.cc:49] Successfully opened dynamic library libcublas.so.11
2021-04-03 15:23:28.189124: I tensorflow/stream_executor/platform/default/dso_loader.cc:49] Successfully opened dynamic library libcublasLt.so.11
2021-04-03 15:23:28.190602: I tensorflow/stream_executor/platform/default/dso_loader.cc:49] Successfully opened dynamic library libcufft.so.10
2021-04-03 15:23:28.190963: I tensorflow/stream_executor/platform/default/dso_loader.cc:49] Successfully opened dynamic library libcurand.so.10
2021-04-03 15:23:28.194572: I tensorflow/stream_executor/platform/default/dso_loader.cc:49] Successfully opened dynamic library libcusolver.so.10
2021-04-03 15:23:28.195387: I tensorflow/stream_executor/platform/default/dso_loader.cc:49] Successfully opened dynamic library libcusparse.so.11
2021-04-03 15:23:28.195652: I tensorflow/stream_executor/platform/default/dso_loader.cc:49] Successfully opened dynamic library libcudnn.so.8
2021-04-03 15:23:28.195828: I tensorflow/stream_executor/cuda/cuda_gpu_executor.cc:941] successful NUMA node read from SysFS had negative value (-1), but there must be at least one NUMA node, so returning NUMA node zero
2021-04-03 15:23:28.196668: I tensorflow/stream_executor/cuda/cuda_gpu_executor.cc:941] successful NUMA node read from SysFS had negative value (-1), but there must be at least one NUMA node, so returning NUMA node zero
2021-04-03 15:23:28.197286: I tensorflow/core/common_runtime/gpu/gpu_device.cc:1862] Adding visible gpu devices: 0
2021-04-03 15:23:28.206974: I tensorflow/core/platform/cpu_feature_guard.cc:142] This TensorFlow binary is optimized with oneAPI Deep Neural Network Library (oneDNN) to use the following CPU instructions in performance-critical operations:  AVX2 AVX512F FMA
To enable them in other operations, rebuild TensorFlow with the appropriate compiler flags.
2021-04-03 15:23:28.207222: I tensorflow/compiler/jit/xla_gpu_device.cc:99] Not creating XLA devices, tf_xla_enable_xla_devices not set
2021-04-03 15:23:28.207383: I tensorflow/stream_executor/cuda/cuda_gpu_executor.cc:941] successful NUMA node read from SysFS had negative value (-1), but there must be at least one NUMA node, so returning NUMA node zero
2021-04-03 15:23:28.208038: I tensorflow/core/common_runtime/gpu/gpu_device.cc:1720] Found device 0 with properties: 
pciBusID: 0000:00:1e.0 name: Tesla T4 computeCapability: 7.5
coreClock: 1.59GHz coreCount: 40 deviceMemorySize: 14.75GiB deviceMemoryBandwidth: 298.08GiB/s
2021-04-03 15:23:28.208071: I tensorflow/stream_executor/platform/default/dso_loader.cc:49] Successfully opened dynamic library libcudart.so.11.0
2021-04-03 15:23:28.208148: I tensorflow/stream_executor/platform/default/dso_loader.cc:49] Successfully opened dynamic library libcublas.so.11
2021-04-03 15:23:28.208227: I tensorflow/stream_executor/platform/default/dso_loader.cc:49] Successfully opened dynamic library libcublasLt.so.11
2021-04-03 15:23:28.208310: I tensorflow/stream_executor/platform/default/dso_loader.cc:49] Successfully opened dynamic library libcufft.so.10
2021-04-03 15:23:28.208388: I tensorflow/stream_executor/platform/default/dso_loader.cc:49] Successfully opened dynamic library libcurand.so.10
2021-04-03 15:23:28.208458: I tensorflow/stream_executor/platform/default/dso_loader.cc:49] Successfully opened dynamic library libcusolver.so.10
2021-04-03 15:23:28.208532: I tensorflow/stream_executor/platform/default/dso_loader.cc:49] Successfully opened dynamic library libcusparse.so.11
2021-04-03 15:23:28.208597: I tensorflow/stream_executor/platform/default/dso_loader.cc:49] Successfully opened dynamic library libcudnn.so.8
2021-04-03 15:23:28.208721: I tensorflow/stream_executor/cuda/cuda_gpu_executor.cc:941] successful NUMA node read from SysFS had negative value (-1), but there must be at least one NUMA node, so returning NUMA node zero
2021-04-03 15:23:28.209627: I tensorflow/stream_executor/cuda/cuda_gpu_executor.cc:941] successful NUMA node read from SysFS had negative value (-1), but there must be at least one NUMA node, so returning NUMA node zero
2021-04-03 15:23:28.210283: I tensorflow/core/common_runtime/gpu/gpu_device.cc:1862] Adding visible gpu devices: 0
2021-04-03 15:23:28.210339: I tensorflow/stream_executor/platform/default/dso_loader.cc:49] Successfully opened dynamic library libcudart.so.11.0
2021-04-03 15:23:28.963975: I tensorflow/core/common_runtime/gpu/gpu_device.cc:1261] Device interconnect StreamExecutor with strength 1 edge matrix:
2021-04-03 15:23:28.964029: I tensorflow/core/common_runtime/gpu/gpu_device.cc:1267]      0 
2021-04-03 15:23:28.964062: I tensorflow/core/common_runtime/gpu/gpu_device.cc:1280] 0:   N 
2021-04-03 15:23:28.964470: I tensorflow/stream_executor/cuda/cuda_gpu_executor.cc:941] successful NUMA node read from SysFS had negative value (-1), but there must be at least one NUMA node, so returning NUMA node zero
2021-04-03 15:23:28.965542: I tensorflow/stream_executor/cuda/cuda_gpu_executor.cc:941] successful NUMA node read from SysFS had negative value (-1), but there must be at least one NUMA node, so returning NUMA node zero
2021-04-03 15:23:28.966413: I tensorflow/stream_executor/cuda/cuda_gpu_executor.cc:941] successful NUMA node read from SysFS had negative value (-1), but there must be at least one NUMA node, so returning NUMA node zero
2021-04-03 15:23:28.967041: I tensorflow/core/common_runtime/gpu/gpu_device.cc:1406] Created TensorFlow device (/job:localhost/replica:0/task:0/device:GPU:0 with 13963 MB memory) -> physical GPU (device: 0, name: Tesla T4, pci bus id: 0000:00:1e.0, compute capability: 7.5)
[33m[ WARN] [1617463413.048370146, 10405.350000000]: Link dummy_link has visual geometry but no collision geometry. Collision geometry will be left empty. Fix your URDF file by explicitly specifying collision geometry.[0m
2021-04-03 15:24:00.727766: I tensorflow/stream_executor/platform/default/dso_loader.cc:49] Successfully opened dynamic library libcublas.so.11
2021-04-03 15:24:01.455144: I tensorflow/stream_executor/platform/default/dso_loader.cc:49] Successfully opened dynamic library libcublasLt.so.11
2021-04-03 21:57:49.792607: I tensorflow/stream_executor/platform/default/dso_loader.cc:49] Successfully opened dynamic library libcudart.so.11.0
Unable to init server: Could not connect: Connection refused
Unable to init server: Could not connect: Connection refused

(learn.py:45592): Gdk-CRITICAL **: 21:57:52.303: gdk_cursor_new_for_display: assertion 'GDK_IS_DISPLAY (display)' failed
2021-04-03 21:57:52.540748: I tensorflow/compiler/jit/xla_cpu_device.cc:41] Not creating XLA devices, tf_xla_enable_xla_devices not set
2021-04-03 21:57:52.541974: I tensorflow/stream_executor/platform/default/dso_loader.cc:49] Successfully opened dynamic library libcuda.so.1
2021-04-03 21:57:52.592662: I tensorflow/stream_executor/cuda/cuda_gpu_executor.cc:941] successful NUMA node read from SysFS had negative value (-1), but there must be at least one NUMA node, so returning NUMA node zero
2021-04-03 21:57:52.593508: I tensorflow/core/common_runtime/gpu/gpu_device.cc:1720] Found device 0 with properties: 
pciBusID: 0000:00:1e.0 name: Tesla T4 computeCapability: 7.5
coreClock: 1.59GHz coreCount: 40 deviceMemorySize: 14.75GiB deviceMemoryBandwidth: 298.08GiB/s
2021-04-03 21:57:52.593556: I tensorflow/stream_executor/platform/default/dso_loader.cc:49] Successfully opened dynamic library libcudart.so.11.0
2021-04-03 21:57:52.597430: I tensorflow/stream_executor/platform/default/dso_loader.cc:49] Successfully opened dynamic library libcublas.so.11
2021-04-03 21:57:52.597613: I tensorflow/stream_executor/platform/default/dso_loader.cc:49] Successfully opened dynamic library libcublasLt.so.11
2021-04-03 21:57:52.599227: I tensorflow/stream_executor/platform/default/dso_loader.cc:49] Successfully opened dynamic library libcufft.so.10
2021-04-03 21:57:52.599630: I tensorflow/stream_executor/platform/default/dso_loader.cc:49] Successfully opened dynamic library libcurand.so.10
2021-04-03 21:57:52.603795: I tensorflow/stream_executor/platform/default/dso_loader.cc:49] Successfully opened dynamic library libcusolver.so.10
2021-04-03 21:57:52.604751: I tensorflow/stream_executor/platform/default/dso_loader.cc:49] Successfully opened dynamic library libcusparse.so.11
2021-04-03 21:57:52.605012: I tensorflow/stream_executor/platform/default/dso_loader.cc:49] Successfully opened dynamic library libcudnn.so.8
2021-04-03 21:57:52.605230: I tensorflow/stream_executor/cuda/cuda_gpu_executor.cc:941] successful NUMA node read from SysFS had negative value (-1), but there must be at least one NUMA node, so returning NUMA node zero
2021-04-03 21:57:52.606217: I tensorflow/stream_executor/cuda/cuda_gpu_executor.cc:941] successful NUMA node read from SysFS had negative value (-1), but there must be at least one NUMA node, so returning NUMA node zero
2021-04-03 21:57:52.607103: I tensorflow/core/common_runtime/gpu/gpu_device.cc:1862] Adding visible gpu devices: 0
[DDPG] Building the actor model
2021-04-03 21:57:52.618544: I tensorflow/core/platform/cpu_feature_guard.cc:142] This TensorFlow binary is optimized with oneAPI Deep Neural Network Library (oneDNN) to use the following CPU instructions in performance-critical operations:  AVX2 AVX512F FMA
To enable them in other operations, rebuild TensorFlow with the appropriate compiler flags.
2021-04-03 21:57:52.618790: I tensorflow/compiler/jit/xla_gpu_device.cc:99] Not creating XLA devices, tf_xla_enable_xla_devices not set
2021-04-03 21:57:52.619056: I tensorflow/stream_executor/cuda/cuda_gpu_executor.cc:941] successful NUMA node read from SysFS had negative value (-1), but there must be at least one NUMA node, so returning NUMA node zero
2021-04-03 21:57:52.619933: I tensorflow/core/common_runtime/gpu/gpu_device.cc:1720] Found device 0 with properties: 
pciBusID: 0000:00:1e.0 name: Tesla T4 computeCapability: 7.5
coreClock: 1.59GHz coreCount: 40 deviceMemorySize: 14.75GiB deviceMemoryBandwidth: 298.08GiB/s
2021-04-03 21:57:52.619970: I tensorflow/stream_executor/platform/default/dso_loader.cc:49] Successfully opened dynamic library libcudart.so.11.0
2021-04-03 21:57:52.620114: I tensorflow/stream_executor/platform/default/dso_loader.cc:49] Successfully opened dynamic library libcublas.so.11
2021-04-03 21:57:52.620194: I tensorflow/stream_executor/platform/default/dso_loader.cc:49] Successfully opened dynamic library libcublasLt.so.11
2021-04-03 21:57:52.620260: I tensorflow/stream_executor/platform/default/dso_loader.cc:49] Successfully opened dynamic library libcufft.so.10
2021-04-03 21:57:52.620325: I tensorflow/stream_executor/platform/default/dso_loader.cc:49] Successfully opened dynamic library libcurand.so.10
2021-04-03 21:57:52.620390: I tensorflow/stream_executor/platform/default/dso_loader.cc:49] Successfully opened dynamic library libcusolver.so.10
2021-04-03 21:57:52.620451: I tensorflow/stream_executor/platform/default/dso_loader.cc:49] Successfully opened dynamic library libcusparse.so.11
2021-04-03 21:57:52.620510: I tensorflow/stream_executor/platform/default/dso_loader.cc:49] Successfully opened dynamic library libcudnn.so.8
2021-04-03 21:57:52.620682: I tensorflow/stream_executor/cuda/cuda_gpu_executor.cc:941] successful NUMA node read from SysFS had negative value (-1), but there must be at least one NUMA node, so returning NUMA node zero
2021-04-03 21:57:52.621609: I tensorflow/stream_executor/cuda/cuda_gpu_executor.cc:941] successful NUMA node read from SysFS had negative value (-1), but there must be at least one NUMA node, so returning NUMA node zero
2021-04-03 21:57:52.622414: I tensorflow/core/common_runtime/gpu/gpu_device.cc:1862] Adding visible gpu devices: 0
2021-04-03 21:57:52.622469: I tensorflow/stream_executor/platform/default/dso_loader.cc:49] Successfully opened dynamic library libcudart.so.11.0
2021-04-03 21:57:53.447034: I tensorflow/core/common_runtime/gpu/gpu_device.cc:1261] Device interconnect StreamExecutor with strength 1 edge matrix:
2021-04-03 21:57:53.447079: I tensorflow/core/common_runtime/gpu/gpu_device.cc:1267]      0 
2021-04-03 21:57:53.447092: I tensorflow/core/common_runtime/gpu/gpu_device.cc:1280] 0:   N 
2021-04-03 21:57:53.447468: I tensorflow/stream_executor/cuda/cuda_gpu_executor.cc:941] successful NUMA node read from SysFS had negative value (-1), but there must be at least one NUMA node, so returning NUMA node zero
2021-04-03 21:57:53.448521: I tensorflow/stream_executor/cuda/cuda_gpu_executor.cc:941] successful NUMA node read from SysFS had negative value (-1), but there must be at least one NUMA node, so returning NUMA node zero
2021-04-03 21:57:53.449461: I tensorflow/stream_executor/cuda/cuda_gpu_executor.cc:941] successful NUMA node read from SysFS had negative value (-1), but there must be at least one NUMA node, so returning NUMA node zero
2021-04-03 21:57:53.450279: I tensorflow/core/common_runtime/gpu/gpu_device.cc:1406] Created TensorFlow device (/job:localhost/replica:0/task:0/device:GPU:0 with 13963 MB memory) -> physical GPU (device: 0, name: Tesla T4, pci bus id: 0000:00:1e.0, compute capability: 7.5)
[DDPG] Building the actor model
[DDPG] Building the critic model
[DDPG] Building the critic model
[DDPG] Waiting for joint trajectory action
[DDPG] Found joint trajectory action!
[DDPG] Waiting for joint trajectory action
[DDPG] Found joint trajectory action!
[DDPG] Waiting for joint trajectory action
[DDPG] Found joint trajectory action!
[DDPG] Waiting for joint trajectory action
[DDPG] Found joint trajectory action!
[0m[ INFO] [1617487077.279689908, 3.622000000]: Loading robot model 'quadruped'...[0m
[0m[ INFO] [1617487077.280470748, 3.623000000]: No root/virtual joint specified in SRDF. Assuming fixed joint[0m
[33m[ WARN] [1617487077.280523611, 3.623000000]: Link dummy_link has visual geometry but no collision geometry. Collision geometry will be left empty. Fix your URDF file by explicitly specifying collision geometry.[0m
[0m[ INFO] [1617487078.549399491, 4.890000000]: Ready to take commands for planning group front_right_leg.[0m
[0m[ INFO] [1617487079.195408646, 5.534000000]: Ready to take commands for planning group front_left_leg.[0m
[0m[ INFO] [1617487079.997890963, 6.334000000]: Ready to take commands for planning group back_right_leg.[0m
[0m[ INFO] [1617487080.798273526, 7.133000000]: Ready to take commands for planning group back_left_leg.[0m
2021-04-03 21:58:34.236339: I tensorflow/stream_executor/platform/default/dso_loader.cc:49] Successfully opened dynamic library libcudart.so.11.0
Unable to init server: Could not connect: Connection refused
Unable to init server: Could not connect: Connection refused

(learn.py:46070): Gdk-CRITICAL **: 21:58:37.379: gdk_cursor_new_for_display: assertion 'GDK_IS_DISPLAY (display)' failed
2021-04-03 21:58:37.768582: I tensorflow/compiler/jit/xla_cpu_device.cc:41] Not creating XLA devices, tf_xla_enable_xla_devices not set
2021-04-03 21:58:37.769883: I tensorflow/stream_executor/platform/default/dso_loader.cc:49] Successfully opened dynamic library libcuda.so.1
2021-04-03 21:58:37.866873: I tensorflow/stream_executor/cuda/cuda_gpu_executor.cc:941] successful NUMA node read from SysFS had negative value (-1), but there must be at least one NUMA node, so returning NUMA node zero
2021-04-03 21:58:37.869428: I tensorflow/core/common_runtime/gpu/gpu_device.cc:1720] Found device 0 with properties: 
pciBusID: 0000:00:1e.0 name: Tesla T4 computeCapability: 7.5
coreClock: 1.59GHz coreCount: 40 deviceMemorySize: 14.75GiB deviceMemoryBandwidth: 298.08GiB/s
2021-04-03 21:58:37.869477: I tensorflow/stream_executor/platform/default/dso_loader.cc:49] Successfully opened dynamic library libcudart.so.11.0
2021-04-03 21:58:37.881156: I tensorflow/stream_executor/platform/default/dso_loader.cc:49] Successfully opened dynamic library libcublas.so.11
2021-04-03 21:58:37.881330: I tensorflow/stream_executor/platform/default/dso_loader.cc:49] Successfully opened dynamic library libcublasLt.so.11
2021-04-03 21:58:37.884320: I tensorflow/stream_executor/platform/default/dso_loader.cc:49] Successfully opened dynamic library libcufft.so.10
2021-04-03 21:58:37.885494: I tensorflow/stream_executor/platform/default/dso_loader.cc:49] Successfully opened dynamic library libcurand.so.10
2021-04-03 21:58:37.896692: I tensorflow/stream_executor/platform/default/dso_loader.cc:49] Successfully opened dynamic library libcusolver.so.10
2021-04-03 21:58:37.897499: I tensorflow/stream_executor/platform/default/dso_loader.cc:49] Successfully opened dynamic library libcusparse.so.11
2021-04-03 21:58:37.897719: I tensorflow/stream_executor/platform/default/dso_loader.cc:49] Successfully opened dynamic library libcudnn.so.8
2021-04-03 21:58:37.897892: I tensorflow/stream_executor/cuda/cuda_gpu_executor.cc:941] successful NUMA node read from SysFS had negative value (-1), but there must be at least one NUMA node, so returning NUMA node zero
2021-04-03 21:58:37.898709: I tensorflow/stream_executor/cuda/cuda_gpu_executor.cc:941] successful NUMA node read from SysFS had negative value (-1), but there must be at least one NUMA node, so returning NUMA node zero
2021-04-03 21:58:37.899540: I tensorflow/core/common_runtime/gpu/gpu_device.cc:1862] Adding visible gpu devices: 0
[DDPG] Building the actor model
2021-04-03 21:58:37.911594: I tensorflow/core/platform/cpu_feature_guard.cc:142] This TensorFlow binary is optimized with oneAPI Deep Neural Network Library (oneDNN) to use the following CPU instructions in performance-critical operations:  AVX2 AVX512F FMA
To enable them in other operations, rebuild TensorFlow with the appropriate compiler flags.
2021-04-03 21:58:37.911864: I tensorflow/compiler/jit/xla_gpu_device.cc:99] Not creating XLA devices, tf_xla_enable_xla_devices not set
2021-04-03 21:58:37.912075: I tensorflow/stream_executor/cuda/cuda_gpu_executor.cc:941] successful NUMA node read from SysFS had negative value (-1), but there must be at least one NUMA node, so returning NUMA node zero
2021-04-03 21:58:37.912964: I tensorflow/core/common_runtime/gpu/gpu_device.cc:1720] Found device 0 with properties: 
pciBusID: 0000:00:1e.0 name: Tesla T4 computeCapability: 7.5
coreClock: 1.59GHz coreCount: 40 deviceMemorySize: 14.75GiB deviceMemoryBandwidth: 298.08GiB/s
2021-04-03 21:58:37.912997: I tensorflow/stream_executor/platform/default/dso_loader.cc:49] Successfully opened dynamic library libcudart.so.11.0
2021-04-03 21:58:37.913096: I tensorflow/stream_executor/platform/default/dso_loader.cc:49] Successfully opened dynamic library libcublas.so.11
2021-04-03 21:58:37.913148: I tensorflow/stream_executor/platform/default/dso_loader.cc:49] Successfully opened dynamic library libcublasLt.so.11
2021-04-03 21:58:37.913193: I tensorflow/stream_executor/platform/default/dso_loader.cc:49] Successfully opened dynamic library libcufft.so.10
2021-04-03 21:58:37.913238: I tensorflow/stream_executor/platform/default/dso_loader.cc:49] Successfully opened dynamic library libcurand.so.10
2021-04-03 21:58:37.913282: I tensorflow/stream_executor/platform/default/dso_loader.cc:49] Successfully opened dynamic library libcusolver.so.10
2021-04-03 21:58:37.913334: I tensorflow/stream_executor/platform/default/dso_loader.cc:49] Successfully opened dynamic library libcusparse.so.11
2021-04-03 21:58:37.913384: I tensorflow/stream_executor/platform/default/dso_loader.cc:49] Successfully opened dynamic library libcudnn.so.8
2021-04-03 21:58:37.913525: I tensorflow/stream_executor/cuda/cuda_gpu_executor.cc:941] successful NUMA node read from SysFS had negative value (-1), but there must be at least one NUMA node, so returning NUMA node zero
2021-04-03 21:58:37.914496: I tensorflow/stream_executor/cuda/cuda_gpu_executor.cc:941] successful NUMA node read from SysFS had negative value (-1), but there must be at least one NUMA node, so returning NUMA node zero
2021-04-03 21:58:37.915368: I tensorflow/core/common_runtime/gpu/gpu_device.cc:1862] Adding visible gpu devices: 0
2021-04-03 21:58:37.915418: I tensorflow/stream_executor/platform/default/dso_loader.cc:49] Successfully opened dynamic library libcudart.so.11.0
2021-04-03 21:58:38.817283: I tensorflow/core/common_runtime/gpu/gpu_device.cc:1261] Device interconnect StreamExecutor with strength 1 edge matrix:
2021-04-03 21:58:38.817322: I tensorflow/core/common_runtime/gpu/gpu_device.cc:1267]      0 
2021-04-03 21:58:38.817336: I tensorflow/core/common_runtime/gpu/gpu_device.cc:1280] 0:   N 
2021-04-03 21:58:38.817704: I tensorflow/stream_executor/cuda/cuda_gpu_executor.cc:941] successful NUMA node read from SysFS had negative value (-1), but there must be at least one NUMA node, so returning NUMA node zero
2021-04-03 21:58:38.818750: I tensorflow/stream_executor/cuda/cuda_gpu_executor.cc:941] successful NUMA node read from SysFS had negative value (-1), but there must be at least one NUMA node, so returning NUMA node zero
2021-04-03 21:58:38.819627: I tensorflow/stream_executor/cuda/cuda_gpu_executor.cc:941] successful NUMA node read from SysFS had negative value (-1), but there must be at least one NUMA node, so returning NUMA node zero
2021-04-03 21:58:38.820403: I tensorflow/core/common_runtime/gpu/gpu_device.cc:1406] Created TensorFlow device (/job:localhost/replica:0/task:0/device:GPU:0 with 13963 MB memory) -> physical GPU (device: 0, name: Tesla T4, pci bus id: 0000:00:1e.0, compute capability: 7.5)
[DDPG] Building the actor model
[DDPG] Building the critic model
[DDPG] Building the critic model
[DDPG] Waiting for joint trajectory action
2021-04-03 21:58:54.750696: I tensorflow/stream_executor/platform/default/dso_loader.cc:49] Successfully opened dynamic library libcudart.so.11.0
Unable to init server: Could not connect: Connection refused
Unable to init server: Could not connect: Connection refused

(learn.py:46250): Gdk-CRITICAL **: 21:58:57.916: gdk_cursor_new_for_display: assertion 'GDK_IS_DISPLAY (display)' failed
2021-04-03 21:58:58.178906: I tensorflow/compiler/jit/xla_cpu_device.cc:41] Not creating XLA devices, tf_xla_enable_xla_devices not set
2021-04-03 21:58:58.180345: I tensorflow/stream_executor/platform/default/dso_loader.cc:49] Successfully opened dynamic library libcuda.so.1
2021-04-03 21:58:58.247988: I tensorflow/stream_executor/cuda/cuda_gpu_executor.cc:941] successful NUMA node read from SysFS had negative value (-1), but there must be at least one NUMA node, so returning NUMA node zero
2021-04-03 21:58:58.248626: I tensorflow/core/common_runtime/gpu/gpu_device.cc:1720] Found device 0 with properties: 
pciBusID: 0000:00:1e.0 name: Tesla T4 computeCapability: 7.5
coreClock: 1.59GHz coreCount: 40 deviceMemorySize: 14.75GiB deviceMemoryBandwidth: 298.08GiB/s
2021-04-03 21:58:58.248665: I tensorflow/stream_executor/platform/default/dso_loader.cc:49] Successfully opened dynamic library libcudart.so.11.0
2021-04-03 21:58:58.251887: I tensorflow/stream_executor/platform/default/dso_loader.cc:49] Successfully opened dynamic library libcublas.so.11
2021-04-03 21:58:58.252050: I tensorflow/stream_executor/platform/default/dso_loader.cc:49] Successfully opened dynamic library libcublasLt.so.11
2021-04-03 21:58:58.253495: I tensorflow/stream_executor/platform/default/dso_loader.cc:49] Successfully opened dynamic library libcufft.so.10
2021-04-03 21:58:58.253851: I tensorflow/stream_executor/platform/default/dso_loader.cc:49] Successfully opened dynamic library libcurand.so.10
2021-04-03 21:58:58.257378: I tensorflow/stream_executor/platform/default/dso_loader.cc:49] Successfully opened dynamic library libcusolver.so.10
2021-04-03 21:58:58.258272: I tensorflow/stream_executor/platform/default/dso_loader.cc:49] Successfully opened dynamic library libcusparse.so.11
2021-04-03 21:58:58.258495: I tensorflow/stream_executor/platform/default/dso_loader.cc:49] Successfully opened dynamic library libcudnn.so.8
2021-04-03 21:58:58.258682: I tensorflow/stream_executor/cuda/cuda_gpu_executor.cc:941] successful NUMA node read from SysFS had negative value (-1), but there must be at least one NUMA node, so returning NUMA node zero
2021-04-03 21:58:58.260305: I tensorflow/stream_executor/cuda/cuda_gpu_executor.cc:941] successful NUMA node read from SysFS had negative value (-1), but there must be at least one NUMA node, so returning NUMA node zero
2021-04-03 21:58:58.261327: I tensorflow/core/common_runtime/gpu/gpu_device.cc:1862] Adding visible gpu devices: 0
[DDPG] Building the actor model
2021-04-03 21:58:58.271412: I tensorflow/core/platform/cpu_feature_guard.cc:142] This TensorFlow binary is optimized with oneAPI Deep Neural Network Library (oneDNN) to use the following CPU instructions in performance-critical operations:  AVX2 AVX512F FMA
To enable them in other operations, rebuild TensorFlow with the appropriate compiler flags.
2021-04-03 21:58:58.271655: I tensorflow/compiler/jit/xla_gpu_device.cc:99] Not creating XLA devices, tf_xla_enable_xla_devices not set
2021-04-03 21:58:58.271897: I tensorflow/stream_executor/cuda/cuda_gpu_executor.cc:941] successful NUMA node read from SysFS had negative value (-1), but there must be at least one NUMA node, so returning NUMA node zero
2021-04-03 21:58:58.273171: I tensorflow/core/common_runtime/gpu/gpu_device.cc:1720] Found device 0 with properties: 
pciBusID: 0000:00:1e.0 name: Tesla T4 computeCapability: 7.5
coreClock: 1.59GHz coreCount: 40 deviceMemorySize: 14.75GiB deviceMemoryBandwidth: 298.08GiB/s
2021-04-03 21:58:58.273213: I tensorflow/stream_executor/platform/default/dso_loader.cc:49] Successfully opened dynamic library libcudart.so.11.0
2021-04-03 21:58:58.273370: I tensorflow/stream_executor/platform/default/dso_loader.cc:49] Successfully opened dynamic library libcublas.so.11
2021-04-03 21:58:58.273493: I tensorflow/stream_executor/platform/default/dso_loader.cc:49] Successfully opened dynamic library libcublasLt.so.11
2021-04-03 21:58:58.273671: I tensorflow/stream_executor/platform/default/dso_loader.cc:49] Successfully opened dynamic library libcufft.so.10
2021-04-03 21:58:58.273824: I tensorflow/stream_executor/platform/default/dso_loader.cc:49] Successfully opened dynamic library libcurand.so.10
2021-04-03 21:58:58.273913: I tensorflow/stream_executor/platform/default/dso_loader.cc:49] Successfully opened dynamic library libcusolver.so.10
2021-04-03 21:58:58.273987: I tensorflow/stream_executor/platform/default/dso_loader.cc:49] Successfully opened dynamic library libcusparse.so.11
2021-04-03 21:58:58.274058: I tensorflow/stream_executor/platform/default/dso_loader.cc:49] Successfully opened dynamic library libcudnn.so.8
2021-04-03 21:58:58.274295: I tensorflow/stream_executor/cuda/cuda_gpu_executor.cc:941] successful NUMA node read from SysFS had negative value (-1), but there must be at least one NUMA node, so returning NUMA node zero
2021-04-03 21:58:58.275496: I tensorflow/stream_executor/cuda/cuda_gpu_executor.cc:941] successful NUMA node read from SysFS had negative value (-1), but there must be at least one NUMA node, so returning NUMA node zero
2021-04-03 21:58:58.276513: I tensorflow/core/common_runtime/gpu/gpu_device.cc:1862] Adding visible gpu devices: 0
2021-04-03 21:58:58.276581: I tensorflow/stream_executor/platform/default/dso_loader.cc:49] Successfully opened dynamic library libcudart.so.11.0
2021-04-03 21:58:59.090171: I tensorflow/core/common_runtime/gpu/gpu_device.cc:1261] Device interconnect StreamExecutor with strength 1 edge matrix:
2021-04-03 21:58:59.090219: I tensorflow/core/common_runtime/gpu/gpu_device.cc:1267]      0 
2021-04-03 21:58:59.090229: I tensorflow/core/common_runtime/gpu/gpu_device.cc:1280] 0:   N 
2021-04-03 21:58:59.090631: I tensorflow/stream_executor/cuda/cuda_gpu_executor.cc:941] successful NUMA node read from SysFS had negative value (-1), but there must be at least one NUMA node, so returning NUMA node zero
2021-04-03 21:58:59.091518: I tensorflow/stream_executor/cuda/cuda_gpu_executor.cc:941] successful NUMA node read from SysFS had negative value (-1), but there must be at least one NUMA node, so returning NUMA node zero
2021-04-03 21:58:59.092222: I tensorflow/stream_executor/cuda/cuda_gpu_executor.cc:941] successful NUMA node read from SysFS had negative value (-1), but there must be at least one NUMA node, so returning NUMA node zero
2021-04-03 21:58:59.092879: I tensorflow/core/common_runtime/gpu/gpu_device.cc:1406] Created TensorFlow device (/job:localhost/replica:0/task:0/device:GPU:0 with 13963 MB memory) -> physical GPU (device: 0, name: Tesla T4, pci bus id: 0000:00:1e.0, compute capability: 7.5)
[DDPG] Building the actor model
[DDPG] Building the critic model
[DDPG] Building the critic model
[DDPG] Waiting for joint trajectory action
[DDPG] Found joint trajectory action!
[DDPG] Waiting for joint trajectory action
[DDPG] Found joint trajectory action!
[DDPG] Waiting for joint trajectory action
[DDPG] Found joint trajectory action!
[DDPG] Waiting for joint trajectory action
[DDPG] Found joint trajectory action!
[0m[ INFO] [1617487142.869794825, 67.944000000]: Loading robot model 'quadruped'...[0m
[0m[ INFO] [1617487142.870777813, 67.945000000]: No root/virtual joint specified in SRDF. Assuming fixed joint[0m
[33m[ WARN] [1617487142.870866297, 67.945000000]: Link dummy_link has visual geometry but no collision geometry. Collision geometry will be left empty. Fix your URDF file by explicitly specifying collision geometry.[0m
[0m[ INFO] [1617487144.043850206, 69.116000000]: Ready to take commands for planning group front_right_leg.[0m
[0m[ INFO] [1617487144.295801369, 69.367000000]: Ready to take commands for planning group front_left_leg.[0m
[0m[ INFO] [1617487144.698315082, 69.769000000]: Ready to take commands for planning group back_right_leg.[0m
[0m[ INFO] [1617487144.897465074, 69.968000000]: Ready to take commands for planning group back_left_leg.[0m
[Actor] GPU>>>>>>>>>>>>
[Actor] [PhysicalDevice(name='/physical_device:GPU:0', device_type='GPU')]
[DDPG] Training Start
[DDPG] Resetting Environment
[DDPG] Starting Episode 0
2021-04-03 21:59:28.999689: I tensorflow/stream_executor/platform/default/dso_loader.cc:49] Successfully opened dynamic library libcublas.so.11
2021-04-03 21:59:29.591295: I tensorflow/stream_executor/platform/default/dso_loader.cc:49] Successfully opened dynamic library libcublasLt.so.11
[DDPG] Episode 0 Step 0
[DDPG] Total Reward -1.8290456533432007 Critic Loss 2.4946043491363525
[DDPG] Episode 0 Step 1
[DDPG] Total Reward -0.15314000844955444 Critic Loss 1.2827006578445435
[DDPG] Episode 0 Step 2
[DDPG] Total Reward -1.2602334022521973 Critic Loss 1.2352408170700073
[DDPG] Episode 0 Step 3
[DDPG] Total Reward -0.0025316039100289345 Critic Loss 0.9665429592132568
[DDPG] Episode 0 Step 4
[DDPG] Total Reward -0.344424307346344 Critic Loss 0.811282753944397
[DDPG] Episode 0 Step 5
[DDPG] Total Reward -0.005266283638775349 Critic Loss 0.7087671160697937
Traceback (most recent call last):
  File "/opt/ros/noetic/lib/python3/dist-packages/rospy/impl/tcpros_base.py", line 560, in connect
    self.socket.connect((dest_addr, dest_port))
ConnectionRefusedError: [Errno 111] Connection refused

During handling of the above exception, another exception occurred:

Traceback (most recent call last):
  File "/opt/ros/noetic/lib/python3/dist-packages/rospy/impl/tcpros_service.py", line 509, in call
    transport.connect(dest_addr, dest_port, service_uri)
  File "/opt/ros/noetic/lib/python3/dist-packages/rospy/impl/tcpros_base.py", line 589, in connect
    raise TransportInitError(str(e)) #re-raise i/o error
rospy.exceptions.TransportInitError: [Errno 111] Connection refused

During handling of the above exception, another exception occurred:

Traceback (most recent call last):
  File "learn.py", line 1032, in <module>
    learner.learn(path, experiment = args.experiment)
  File "learn.py", line 721, in learn
    self.current_time_step = self.env.step(
  File "/home/ubuntu/CPGController/src/rl/env.py", line 72, in step
    return self._step(action, desired_motion, last_step)
  File "/home/ubuntu/CPGController/src/rl/env.py", line 88, in _step
    observation =  self.quadruped.step(
  File "/home/ubuntu/CPGController/src/simulations/ws/src/quadruped/scripts/quadruped.py", line 1160, in step
    self.set_support_lines()
  File "/home/ubuntu/CPGController/src/simulations/ws/src/quadruped/scripts/quadruped.py", line 970, in set_support_lines
    current_pose = self.kinematics.get_end_effector_fk(
  File "/home/ubuntu/CPGController/src/simulations/ws/src/quadruped/scripts/kinematics.py", line 84, in get_end_effector_fk
    msg = self.compute_fk_proxy(
  File "/opt/ros/noetic/lib/python3/dist-packages/rospy/impl/tcpros_service.py", line 442, in __call__
    return self.call(*args, **kwds)
  File "/opt/ros/noetic/lib/python3/dist-packages/rospy/impl/tcpros_service.py", line 512, in call
    raise ServiceException("unable to connect to service: %s"%e)
rospy.service.ServiceException: unable to connect to service: [Errno 111] Connection refused
2021-04-03 22:00:59.044810: I tensorflow/stream_executor/platform/default/dso_loader.cc:49] Successfully opened dynamic library libcudart.so.11.0
Unable to init server: Could not connect: Connection refused
Unable to init server: Could not connect: Connection refused

(learn.py:46798): Gdk-CRITICAL **: 22:01:01.977: gdk_cursor_new_for_display: assertion 'GDK_IS_DISPLAY (display)' failed
2021-04-03 22:01:02.228625: I tensorflow/compiler/jit/xla_cpu_device.cc:41] Not creating XLA devices, tf_xla_enable_xla_devices not set
2021-04-03 22:01:02.230031: I tensorflow/stream_executor/platform/default/dso_loader.cc:49] Successfully opened dynamic library libcuda.so.1
2021-04-03 22:01:02.310149: I tensorflow/stream_executor/cuda/cuda_gpu_executor.cc:941] successful NUMA node read from SysFS had negative value (-1), but there must be at least one NUMA node, so returning NUMA node zero
2021-04-03 22:01:02.311019: I tensorflow/core/common_runtime/gpu/gpu_device.cc:1720] Found device 0 with properties: 
pciBusID: 0000:00:1e.0 name: Tesla T4 computeCapability: 7.5
coreClock: 1.59GHz coreCount: 40 deviceMemorySize: 14.75GiB deviceMemoryBandwidth: 298.08GiB/s
2021-04-03 22:01:02.311112: I tensorflow/stream_executor/platform/default/dso_loader.cc:49] Successfully opened dynamic library libcudart.so.11.0
2021-04-03 22:01:02.315154: I tensorflow/stream_executor/platform/default/dso_loader.cc:49] Successfully opened dynamic library libcublas.so.11
2021-04-03 22:01:02.315338: I tensorflow/stream_executor/platform/default/dso_loader.cc:49] Successfully opened dynamic library libcublasLt.so.11
2021-04-03 22:01:02.316912: I tensorflow/stream_executor/platform/default/dso_loader.cc:49] Successfully opened dynamic library libcufft.so.10
2021-04-03 22:01:02.317353: I tensorflow/stream_executor/platform/default/dso_loader.cc:49] Successfully opened dynamic library libcurand.so.10
2021-04-03 22:01:02.321326: I tensorflow/stream_executor/platform/default/dso_loader.cc:49] Successfully opened dynamic library libcusolver.so.10
2021-04-03 22:01:02.322421: I tensorflow/stream_executor/platform/default/dso_loader.cc:49] Successfully opened dynamic library libcusparse.so.11
2021-04-03 22:01:02.322734: I tensorflow/stream_executor/platform/default/dso_loader.cc:49] Successfully opened dynamic library libcudnn.so.8
2021-04-03 22:01:02.323045: I tensorflow/stream_executor/cuda/cuda_gpu_executor.cc:941] successful NUMA node read from SysFS had negative value (-1), but there must be at least one NUMA node, so returning NUMA node zero
2021-04-03 22:01:02.324129: I tensorflow/stream_executor/cuda/cuda_gpu_executor.cc:941] successful NUMA node read from SysFS had negative value (-1), but there must be at least one NUMA node, so returning NUMA node zero
2021-04-03 22:01:02.325192: I tensorflow/core/common_runtime/gpu/gpu_device.cc:1862] Adding visible gpu devices: 0
[DDPG] Building the actor model
2021-04-03 22:01:02.336760: I tensorflow/core/platform/cpu_feature_guard.cc:142] This TensorFlow binary is optimized with oneAPI Deep Neural Network Library (oneDNN) to use the following CPU instructions in performance-critical operations:  AVX2 AVX512F FMA
To enable them in other operations, rebuild TensorFlow with the appropriate compiler flags.
2021-04-03 22:01:02.337067: I tensorflow/compiler/jit/xla_gpu_device.cc:99] Not creating XLA devices, tf_xla_enable_xla_devices not set
2021-04-03 22:01:02.337354: I tensorflow/stream_executor/cuda/cuda_gpu_executor.cc:941] successful NUMA node read from SysFS had negative value (-1), but there must be at least one NUMA node, so returning NUMA node zero
2021-04-03 22:01:02.338263: I tensorflow/core/common_runtime/gpu/gpu_device.cc:1720] Found device 0 with properties: 
pciBusID: 0000:00:1e.0 name: Tesla T4 computeCapability: 7.5
coreClock: 1.59GHz coreCount: 40 deviceMemorySize: 14.75GiB deviceMemoryBandwidth: 298.08GiB/s
2021-04-03 22:01:02.338379: I tensorflow/stream_executor/platform/default/dso_loader.cc:49] Successfully opened dynamic library libcudart.so.11.0
2021-04-03 22:01:02.338558: I tensorflow/stream_executor/platform/default/dso_loader.cc:49] Successfully opened dynamic library libcublas.so.11
2021-04-03 22:01:02.338743: I tensorflow/stream_executor/platform/default/dso_loader.cc:49] Successfully opened dynamic library libcublasLt.so.11
2021-04-03 22:01:02.338923: I tensorflow/stream_executor/platform/default/dso_loader.cc:49] Successfully opened dynamic library libcufft.so.10
2021-04-03 22:01:02.339065: I tensorflow/stream_executor/platform/default/dso_loader.cc:49] Successfully opened dynamic library libcurand.so.10
2021-04-03 22:01:02.339216: I tensorflow/stream_executor/platform/default/dso_loader.cc:49] Successfully opened dynamic library libcusolver.so.10
2021-04-03 22:01:02.339371: I tensorflow/stream_executor/platform/default/dso_loader.cc:49] Successfully opened dynamic library libcusparse.so.11
2021-04-03 22:01:02.339530: I tensorflow/stream_executor/platform/default/dso_loader.cc:49] Successfully opened dynamic library libcudnn.so.8
2021-04-03 22:01:02.339747: I tensorflow/stream_executor/cuda/cuda_gpu_executor.cc:941] successful NUMA node read from SysFS had negative value (-1), but there must be at least one NUMA node, so returning NUMA node zero
2021-04-03 22:01:02.340707: I tensorflow/stream_executor/cuda/cuda_gpu_executor.cc:941] successful NUMA node read from SysFS had negative value (-1), but there must be at least one NUMA node, so returning NUMA node zero
2021-04-03 22:01:02.341528: I tensorflow/core/common_runtime/gpu/gpu_device.cc:1862] Adding visible gpu devices: 0
2021-04-03 22:01:02.341643: I tensorflow/stream_executor/platform/default/dso_loader.cc:49] Successfully opened dynamic library libcudart.so.11.0
2021-04-03 22:01:03.116026: I tensorflow/core/common_runtime/gpu/gpu_device.cc:1261] Device interconnect StreamExecutor with strength 1 edge matrix:
2021-04-03 22:01:03.116072: I tensorflow/core/common_runtime/gpu/gpu_device.cc:1267]      0 
2021-04-03 22:01:03.116081: I tensorflow/core/common_runtime/gpu/gpu_device.cc:1280] 0:   N 
2021-04-03 22:01:03.116456: I tensorflow/stream_executor/cuda/cuda_gpu_executor.cc:941] successful NUMA node read from SysFS had negative value (-1), but there must be at least one NUMA node, so returning NUMA node zero
2021-04-03 22:01:03.117314: I tensorflow/stream_executor/cuda/cuda_gpu_executor.cc:941] successful NUMA node read from SysFS had negative value (-1), but there must be at least one NUMA node, so returning NUMA node zero
2021-04-03 22:01:03.118114: I tensorflow/stream_executor/cuda/cuda_gpu_executor.cc:941] successful NUMA node read from SysFS had negative value (-1), but there must be at least one NUMA node, so returning NUMA node zero
2021-04-03 22:01:03.118874: I tensorflow/core/common_runtime/gpu/gpu_device.cc:1406] Created TensorFlow device (/job:localhost/replica:0/task:0/device:GPU:0 with 13963 MB memory) -> physical GPU (device: 0, name: Tesla T4, pci bus id: 0000:00:1e.0, compute capability: 7.5)
[DDPG] Building the actor model
[DDPG] Building the critic model
[DDPG] Building the critic model
[DDPG] Waiting for joint trajectory action
[DDPG] Found joint trajectory action!
[DDPG] Waiting for joint trajectory action
[DDPG] Found joint trajectory action!
[DDPG] Waiting for joint trajectory action
[DDPG] Found joint trajectory action!
[DDPG] Waiting for joint trajectory action
[DDPG] Found joint trajectory action!
[0m[ INFO] [1617487267.054925003, 190.771000000]: Loading robot model 'quadruped'...[0m
[0m[ INFO] [1617487267.055828287, 190.772000000]: No root/virtual joint specified in SRDF. Assuming fixed joint[0m
[33m[ WARN] [1617487267.055890650, 190.772000000]: Link dummy_link has visual geometry but no collision geometry. Collision geometry will be left empty. Fix your URDF file by explicitly specifying collision geometry.[0m
[0m[ INFO] [1617487268.319030109, 192.032000000]: Ready to take commands for planning group front_right_leg.[0m
[0m[ INFO] [1617487268.573462152, 192.287000000]: Ready to take commands for planning group front_left_leg.[0m
[0m[ INFO] [1617487268.974089217, 192.686000000]: Ready to take commands for planning group back_right_leg.[0m
[0m[ INFO] [1617487269.376107601, 193.087000000]: Ready to take commands for planning group back_left_leg.[0m
[Actor] GPU>>>>>>>>>>>>
[Actor] [PhysicalDevice(name='/physical_device:GPU:0', device_type='GPU')]
[DDPG] Training Start
[DDPG] Resetting Environment
[DDPG] Starting Episode 0
2021-04-03 22:01:33.109653: I tensorflow/stream_executor/platform/default/dso_loader.cc:49] Successfully opened dynamic library libcublas.so.11
2021-04-03 22:01:33.696406: I tensorflow/stream_executor/platform/default/dso_loader.cc:49] Successfully opened dynamic library libcublasLt.so.11
[DDPG] Episode 0 Step 0
[DDPG] Total Reward -6.00262451171875 Critic Loss 37.39616775512695
